<?xml version="1.0" encoding="UTF-8"?>
<!-- Generated by org.testng.reporters.JUnitReportReporter -->
<testsuite hostname="DESKTOP-GRNHF46" failures="0" tests="2" name="rahulshettyacademy.tests.ErrorValidations" time="14.691" errors="0" timestamp="2025-03-06T17:38:20 IST" skipped="0">
  <testcase classname="rahulshettyacademy.tests.ErrorValidations" name="loginErrorValidation" time="7.176"/>
  <testcase classname="rahulshettyacademy.tests.ErrorValidations" name="productErrorValidation" time="7.515"/>
</testsuite> <!-- rahulshettyacademy.tests.ErrorValidations -->
