<?xml version="1.0" encoding="UTF-8"?>
<!-- Generated by org.testng.reporters.JUnitReportReporter -->
<testsuite hostname="DESKTOP-GRNHF46" failures="0" tests="2" name="rahulshettyacademy.tests.ErrorValidationsTest" time="13.624" errors="0" timestamp="2025-03-10T14:26:04 IST" skipped="0">
  <testcase classname="rahulshettyacademy.tests.ErrorValidationsTest" name="loginErrorValidation" time="5.637"/>
  <testcase classname="rahulshettyacademy.tests.ErrorValidationsTest" name="productErrorValidation" time="7.987"/>
</testsuite> <!-- rahulshettyacademy.tests.ErrorValidationsTest -->
