<?xml version="1.0" encoding="UTF-8"?>
<!-- Generated by org.testng.reporters.JUnitReportReporter -->
<testsuite hostname="DESKTOP-GRNHF46" failures="0" tests="4" name="rahulshettyacademy.tests.StandAloneTest" time="41.568" errors="0" timestamp="2025-03-10T14:26:04 IST" skipped="0">
  <testcase classname="rahulshettyacademy.tests.StandAloneTest" name="submitOrder" time="10.868"/>
  <testcase classname="rahulshettyacademy.tests.StandAloneTest" name="OrderHistoryTest" time="5.986"/>
  <testcase classname="rahulshettyacademy.tests.StandAloneTest" name="submitOrder" time="15.832"/>
  <testcase classname="rahulshettyacademy.tests.StandAloneTest" name="submitOrder" time="8.882"/>
</testsuite> <!-- rahulshettyacademy.tests.StandAloneTest -->
